mode: set
Avito_Merch_project/config/config.go:12.36,15.20 2 1
Avito_Merch_project/config/config.go:15.20,17.3 1 0
Avito_Merch_project/config/config.go:18.2,19.21 2 1
Avito_Merch_project/config/config.go:19.21,21.3 1 0
Avito_Merch_project/config/config.go:22.2,25.8 1 1
Avito_Merch_project/internal/services/auth.go:17.89,19.2 1 1
Avito_Merch_project/internal/services/auth.go:21.79,23.63 1 1
Avito_Merch_project/internal/services/auth.go:23.63,25.3 1 1
Avito_Merch_project/internal/services/auth.go:26.2,26.34 1 1
Avito_Merch_project/internal/services/auth.go:29.75,31.16 2 1
Avito_Merch_project/internal/services/auth.go:31.16,33.3 1 0
Avito_Merch_project/internal/services/auth.go:34.2,34.12 1 1
Avito_Merch_project/internal/services/auth.go:34.12,36.3 1 1
Avito_Merch_project/internal/services/auth.go:37.2,37.52 1 1
Avito_Merch_project/internal/services/auth.go:37.52,39.3 1 0
Avito_Merch_project/internal/services/auth.go:40.2,40.34 1 1
Avito_Merch_project/internal/services/auth.go:43.70,49.2 2 1
Avito_Merch_project/internal/services/coin.go:11.71,13.2 1 1
Avito_Merch_project/internal/services/coin.go:15.76,16.17 1 1
Avito_Merch_project/internal/services/coin.go:16.17,18.3 1 1
Avito_Merch_project/internal/services/coin.go:19.2,19.55 1 1
Avito_Merch_project/internal/services/merch.go:25.73,27.2 1 1
Avito_Merch_project/internal/services/merch.go:29.62,31.9 2 1
Avito_Merch_project/internal/services/merch.go:31.9,33.3 1 1
Avito_Merch_project/internal/services/merch.go:34.2,34.52 1 1
Avito_Merch_project/internal/repository/repository.go:18.53,20.16 2 0
Avito_Merch_project/internal/repository/repository.go:20.16,22.3 1 0
Avito_Merch_project/internal/repository/repository.go:23.2,23.34 1 0
Avito_Merch_project/internal/repository/repository.go:23.34,25.3 1 0
Avito_Merch_project/internal/repository/repository.go:26.2,26.16 1 0
Avito_Merch_project/internal/repository/repository.go:29.44,31.2 1 1
Avito_Merch_project/internal/repository/repository.go:33.67,36.2 2 1
Avito_Merch_project/internal/repository/repository.go:38.64,42.2 3 1
Avito_Merch_project/internal/repository/repository.go:44.56,47.2 2 0
Avito_Merch_project/internal/repository/repository.go:49.108,52.16 3 0
Avito_Merch_project/internal/repository/repository.go:52.16,54.3 1 0
Avito_Merch_project/internal/repository/repository.go:56.2,57.16 2 0
Avito_Merch_project/internal/repository/repository.go:57.16,59.3 1 0
Avito_Merch_project/internal/repository/repository.go:60.2,63.18 3 0
Avito_Merch_project/internal/repository/repository.go:63.18,65.63 2 0
Avito_Merch_project/internal/repository/repository.go:65.63,67.4 1 0
Avito_Merch_project/internal/repository/repository.go:68.3,68.38 1 0
Avito_Merch_project/internal/repository/repository.go:71.2,72.16 2 0
Avito_Merch_project/internal/repository/repository.go:72.16,74.3 1 0
Avito_Merch_project/internal/repository/repository.go:75.2,78.19 3 0
Avito_Merch_project/internal/repository/repository.go:78.19,80.62 2 0
Avito_Merch_project/internal/repository/repository.go:80.62,82.4 1 0
Avito_Merch_project/internal/repository/repository.go:83.3,83.34 1 0
Avito_Merch_project/internal/repository/repository.go:86.2,87.16 2 0
Avito_Merch_project/internal/repository/repository.go:87.16,89.3 1 0
Avito_Merch_project/internal/repository/repository.go:90.2,93.19 3 0
Avito_Merch_project/internal/repository/repository.go:93.19,95.60 2 0
Avito_Merch_project/internal/repository/repository.go:95.60,97.4 1 0
Avito_Merch_project/internal/repository/repository.go:98.3,98.26 1 0
Avito_Merch_project/internal/repository/repository.go:101.2,105.43 2 0
Avito_Merch_project/internal/repository/repository.go:108.79,110.16 2 1
Avito_Merch_project/internal/repository/repository.go:110.16,112.3 1 0
Avito_Merch_project/internal/repository/repository.go:113.2,117.16 4 1
Avito_Merch_project/internal/repository/repository.go:117.16,119.3 1 0
Avito_Merch_project/internal/repository/repository.go:120.2,120.24 1 1
Avito_Merch_project/internal/repository/repository.go:120.24,122.3 1 0
Avito_Merch_project/internal/repository/repository.go:124.2,125.16 2 1
Avito_Merch_project/internal/repository/repository.go:125.16,127.3 1 0
Avito_Merch_project/internal/repository/repository.go:129.2,130.16 2 1
Avito_Merch_project/internal/repository/repository.go:130.16,132.3 1 0
Avito_Merch_project/internal/repository/repository.go:134.2,135.16 2 1
Avito_Merch_project/internal/repository/repository.go:135.16,137.3 1 0
Avito_Merch_project/internal/repository/repository.go:139.2,140.16 2 1
Avito_Merch_project/internal/repository/repository.go:140.16,142.3 1 0
Avito_Merch_project/internal/repository/repository.go:144.2,144.20 1 1
Avito_Merch_project/internal/repository/repository.go:147.76,149.16 2 1
Avito_Merch_project/internal/repository/repository.go:149.16,151.3 1 0
Avito_Merch_project/internal/repository/repository.go:152.2,156.16 4 1
Avito_Merch_project/internal/repository/repository.go:156.16,158.3 1 0
Avito_Merch_project/internal/repository/repository.go:159.2,159.19 1 1
Avito_Merch_project/internal/repository/repository.go:159.19,161.3 1 0
Avito_Merch_project/internal/repository/repository.go:163.2,164.16 2 1
Avito_Merch_project/internal/repository/repository.go:164.16,166.3 1 0
Avito_Merch_project/internal/repository/repository.go:168.2,171.16 2 1
Avito_Merch_project/internal/repository/repository.go:171.16,173.3 1 0
Avito_Merch_project/internal/repository/repository.go:175.2,175.20 1 1
Avito_Merch_project/internal/middleware/jwt.go:15.67,16.46 1 1
Avito_Merch_project/internal/middleware/jwt.go:16.46,17.72 1 1
Avito_Merch_project/internal/middleware/jwt.go:17.72,19.24 2 1
Avito_Merch_project/internal/middleware/jwt.go:19.24,22.5 2 1
Avito_Merch_project/internal/middleware/jwt.go:23.4,24.47 2 0
Avito_Merch_project/internal/middleware/jwt.go:24.47,27.5 2 0
Avito_Merch_project/internal/middleware/jwt.go:28.4,30.85 2 0
Avito_Merch_project/internal/middleware/jwt.go:30.85,32.5 1 0
Avito_Merch_project/internal/middleware/jwt.go:33.4,33.34 1 0
Avito_Merch_project/internal/middleware/jwt.go:33.34,36.5 2 0
Avito_Merch_project/internal/middleware/jwt.go:39.4,39.54 1 0
Avito_Merch_project/internal/middleware/jwt.go:39.54,41.12 2 0
Avito_Merch_project/internal/middleware/jwt.go:41.12,44.6 2 0
Avito_Merch_project/internal/middleware/jwt.go:45.5,47.11 3 0
Avito_Merch_project/internal/middleware/jwt.go:49.4,49.59 1 0
Avito_Merch_project/test/integration/utils.go:15.61,21.16 3 1
Avito_Merch_project/test/integration/utils.go:21.16,23.3 1 0
Avito_Merch_project/test/integration/utils.go:24.2,25.16 2 1
Avito_Merch_project/test/integration/utils.go:25.16,27.3 1 0
Avito_Merch_project/test/integration/utils.go:28.2,35.16 7 1
Avito_Merch_project/test/integration/utils.go:35.16,37.3 1 0
Avito_Merch_project/test/integration/utils.go:38.2,39.24 2 1
Avito_Merch_project/test/integration/utils.go:39.24,41.3 1 0
Avito_Merch_project/test/integration/utils.go:42.2,42.14 1 1
